0 info it worked if it ends with ok
1 verbose cli [ 'node', '/usr/local/bin/npm', 'publish' ]
2 info using npm@2.13.3
3 info using node@v0.12.5
4 verbose publish [ '.' ]
5 silly cache add args [ '.', null ]
6 verbose cache add spec .
7 silly cache add parsed spec { raw: '.',
7 silly cache add   scope: null,
7 silly cache add   name: null,
7 silly cache add   rawSpec: '.',
7 silly cache add   spec: '/Users/kaiye/Projects/mz-deploy-http-push',
7 silly cache add   type: 'directory' }
8 verbose addLocalDirectory /Users/kaiye/.npm/mz-deploy-http-push/1.0.0/package.tgz not in flight; packing
9 verbose tar pack [ '/Users/kaiye/.npm/mz-deploy-http-push/1.0.0/package.tgz',
9 verbose tar pack   '/Users/kaiye/Projects/mz-deploy-http-push' ]
10 verbose tarball /Users/kaiye/.npm/mz-deploy-http-push/1.0.0/package.tgz
11 verbose folder /Users/kaiye/Projects/mz-deploy-http-push
12 info prepublish mz-deploy-http-push@1.0.0
13 verbose addLocalTarball adding from inside cache /Users/kaiye/.npm/mz-deploy-http-push/1.0.0/package.tgz
14 silly cache afterAdd mz-deploy-http-push@1.0.0
15 verbose afterAdd /Users/kaiye/.npm/mz-deploy-http-push/1.0.0/package/package.json not in flight; writing
16 verbose afterAdd /Users/kaiye/.npm/mz-deploy-http-push/1.0.0/package/package.json written
17 silly publish { name: 'mz-deploy-http-push',
17 silly publish   version: '1.0.0',
17 silly publish   description: '基于 fis-deploy-http-push 插件修改：',
17 silly publish   main: 'index.js',
17 silly publish   scripts: { test: 'echo "Error: no test specified" && exit 1' },
17 silly publish   repository:
17 silly publish    { type: 'git',
17 silly publish      url: 'git+https://github.com/mz-team/mz-deploy-http-push.git' },
17 silly publish   keywords: [ 'mz', 'fis' ],
17 silly publish   author: { name: 'kaiye' },
17 silly publish   license: 'MIT',
17 silly publish   bugs: { url: 'https://github.com/mz-team/mz-deploy-http-push/issues' },
17 silly publish   homepage: 'https://github.com/mz-team/mz-deploy-http-push#readme',
17 silly publish   readme: '# mz-deploy-http-push\n\n基于 fis-deploy-http-push 插件修改：\n\n* `to`、`receiver` 参数支持 function 传入\n* 增加 `params` 参数传递给后端 receiver 接口，同时可在 `to` function 中动态修改 params 配置\n\n\n##示例\n\n```javascript\n\nfis.media(\'prod\')\n  .match(\'*\', {\n    deploy: [fis.plugin(\'local-deliver\', {\n      to: \'../../dist\'\n    }),fis.plugin(\'http-push\', {\n      receiver: \'http://www.example.com/receiver.php\',\n      params:{\n        username: \'kaiye\'  \n      },\n      to: function(release, file, params){\n        if(fis.util.filter(release, \'/static/**\')){\n          params.domain = \'cdn.example.com\';\n          return \'/static\';\n        }else{\n          params.domain = \'www.example.com\';\n          return \'/www\';\n        }\n      }\n    })]\n  });\n  \n```',
17 silly publish   readmeFilename: 'README.md',
17 silly publish   gitHead: 'fa26ac4c60ecc737c4d2c9ebca30a38baf8d4b86',
17 silly publish   _id: 'mz-deploy-http-push@1.0.0',
17 silly publish   _shasum: 'ab29aab87cb568d724c995d43d11d3ecf858c5e9',
17 silly publish   _from: '.' }
18 verbose getPublishConfig undefined
19 silly mapToRegistry name mz-deploy-http-push
20 silly mapToRegistry using default registry
21 silly mapToRegistry registry https://registry.npmjs.org/
22 silly mapToRegistry uri https://registry.npmjs.org/mz-deploy-http-push
23 verbose publish registryBase https://registry.npmjs.org/
24 silly publish uploading /Users/kaiye/.npm/mz-deploy-http-push/1.0.0/package.tgz
25 verbose request uri https://registry.npmjs.org/mz-deploy-http-push
26 verbose request sending authorization for write operation
27 info attempt registry request try #1 at 1:06:14 PM
28 verbose request using bearer token for auth
29 verbose request id b26215709bf43489
30 http request PUT https://registry.npmjs.org/mz-deploy-http-push
31 http 403 https://registry.npmjs.org/mz-deploy-http-push
32 verbose headers { 'content-type': 'application/json',
32 verbose headers   'cache-control': 'max-age=60',
32 verbose headers   'content-length': '95',
32 verbose headers   'accept-ranges': 'bytes',
32 verbose headers   date: 'Thu, 06 Aug 2015 05:06:16 GMT',
32 verbose headers   via: '1.1 varnish',
32 verbose headers   connection: 'keep-alive',
32 verbose headers   'x-served-by': 'cache-nrt6132-NRT',
32 verbose headers   'x-cache': 'MISS',
32 verbose headers   'x-cache-hits': '0',
32 verbose headers   'x-timer': 'S1438837574.484835,VS0,VE1578' }
33 verbose request invalidating /Users/kaiye/.npm/registry.npmjs.org/mz-deploy-http-push on PUT
34 error publish Failed PUT 403
35 verbose stack Error: "You cannot publish over the previously published version 1.0.0." : mz-deploy-http-push
35 verbose stack     at CachingRegistryClient.<anonymous> (/usr/local/lib/node_modules/npm/node_modules/npm-registry-client/lib/request.js:247:14)
35 verbose stack     at Request._callback (/usr/local/lib/node_modules/npm/node_modules/npm-registry-client/lib/request.js:170:14)
35 verbose stack     at Request.self.callback (/usr/local/lib/node_modules/npm/node_modules/request/request.js:198:22)
35 verbose stack     at Request.emit (events.js:110:17)
35 verbose stack     at Request.<anonymous> (/usr/local/lib/node_modules/npm/node_modules/request/request.js:1057:14)
35 verbose stack     at Request.emit (events.js:129:20)
35 verbose stack     at IncomingMessage.<anonymous> (/usr/local/lib/node_modules/npm/node_modules/request/request.js:1003:12)
35 verbose stack     at IncomingMessage.emit (events.js:129:20)
35 verbose stack     at _stream_readable.js:908:16
35 verbose stack     at process._tickCallback (node.js:355:11)
36 verbose statusCode 403
37 verbose pkgid mz-deploy-http-push
38 verbose cwd /Users/kaiye/Projects/mz-deploy-http-push
39 error Darwin 14.4.0
40 error argv "node" "/usr/local/bin/npm" "publish"
41 error node v0.12.5
42 error npm  v2.13.3
43 error code E403
44 error "You cannot publish over the previously published version 1.0.0." : mz-deploy-http-push
45 error If you need help, you may report this error at:
45 error     <https://github.com/npm/npm/issues>
46 verbose exit [ 1, true ]
